<?xml version="1.0" encoding="UTF-8"?>
<testsuite name="de.phonebook.tests.HomePageTests" tests="1" skipped="0" failures="0" errors="0" timestamp="2026-08-19T15:59:34.416Z" hostname="AIT-PC" time="0.107">
  <properties/>
  <testcase name="isHomeComponentPresentTest" classname="de.phonebook.tests.HomePageTests" time="0.035"/>
  <system-out><![CDATA[17:59:34.455 [Test worker] INFO  de.phonebook.core.TestBase -- Start test isHomeComponentPresentTest
17:59:34.535 [Test worker] INFO  de.phonebook.core.TestBase -- Stop test
]]></system-out>
  <system-err><![CDATA[]]></system-err>
</testsuite>
