<?xml version="1.0" encoding="UTF-8"?>
<testsuite name="de.phonebook.tests.HomePageTests" tests="1" skipped="0" failures="0" errors="0" timestamp="2026-08-19T18:07:34.413Z" hostname="AIT-PC" time="0.123">
  <properties/>
  <testcase name="isHomeComponentPresentTest" classname="de.phonebook.tests.HomePageTests" time="0.047"/>
  <system-out><![CDATA[20:07:34.458 [Test worker] INFO  de.phonebook.core.TestBase -- Start test isHomeComponentPresentTest with data: []
20:07:34.566 [Test worker] INFO  de.phonebook.core.TestBase -- PASSED: isHomeComponentPresentTest
20:07:34.567 [Test worker] INFO  de.phonebook.core.TestBase -- Stop test
20:07:34.567 [Test worker] INFO  de.phonebook.core.TestBase -- *****************************************
]]></system-out>
  <system-err><![CDATA[]]></system-err>
</testsuite>
